Started GET "/" for ::1 at 2019-03-24 15:34:21 +0100
DEPRECATION WARNING: ActiveRecord::Base.raise_in_transactional_callbacks= is deprecated, has no effect and will be removed without replacement. (called from block (3 levels) in <class:Railtie> at C:/Ruby26-x64/lib/ruby/gems/2.6.0/gems/activerecord-5.0.7.2/lib/active_record/railtie.rb:113)
Processing by HomeController#index as HTML
  Rendering home/index.html.erb within layouts/application
  Rendered home/index.html.erb within layouts/application (11.7ms)
  Rendered home/_navbar.html.erb (0.4ms)
  Rendered home/_new_question_form.html.erb (0.8ms)
Completed 200 OK in 3203ms (Views: 3166.8ms | ActiveRecord: 0.0ms)


Started GET "/assets/jquery.self-bd7ddd393353a8d2480a622e80342adf488fb6006d667e8b42e4c0073393abee.js?body=1" for ::1 at 2019-03-24 15:34:25 +0100
Started GET "/assets/home.self-8f782224466f2bf49fcb2ea31d5f9b3bdf12a2fcb3e3bdfdf17318d0081b70b6.css?body=1" for ::1 at 2019-03-24 15:34:25 +0100
Started GET "/assets/jquery_ujs.self-784a997f6726036b1993eb2217c9cb558e1cbb801c6da88105588c56f13b466a.js?body=1" for ::1 at 2019-03-24 15:34:25 +0100
Started GET "/assets/turbolinks.self-569ee74eaa15c1e2019317ff770b8769b1ec033a0f572a485f64c82ddc8f989e.js?body=1" for ::1 at 2019-03-24 15:34:25 +0100
Started GET "/assets/application.self-e80e8f2318043e8af94dddc2adad5a4f09739a8ebb323b3ab31cd71d45fd9113.css?body=1" for ::1 at 2019-03-24 15:34:25 +0100
Started GET "/assets/application.self-3a3c8b61bda630ee689740ce7cbd0dd8ea6fdd45e2c42eef4661ab38cf268afe.js?body=1" for ::1 at 2019-03-24 15:34:25 +0100
Started GET "/assets/home.self-877aef30ae1b040ab8a3aba4e3e309a11d7f2612f44dde450b5c157aa5f95c05.js?body=1" for ::1 at 2019-03-24 15:34:25 +0100
Started POST "/questions" for ::1 at 2019-03-24 15:34:41 +0100
Processing by HomeController#temp as HTML
  Parameters: {"utf8"=>"✓", "authenticity_token"=>"Kay/JbLH6TBxwrItuIAYCZ45lsYbg17vpDp0tQbEm5UUN5PLFn37oGbA1LYwpeYc4dy4G0WaUPjW5SP5dIwGhQ==", "email"=>"jnunez@danuka.pl", "question_body"=>"Here is my first question"}
Redirected to http://localhost:3000/
Completed 302 Found in 1ms (ActiveRecord: 0.0ms)


Started GET "/" for ::1 at 2019-03-24 15:34:41 +0100
Processing by HomeController#index as HTML
  Rendering home/index.html.erb within layouts/application
  Rendered home/index.html.erb within layouts/application (0.3ms)
  Rendered home/_navbar.html.erb (0.3ms)
  Rendered home/_new_question_form.html.erb (0.6ms)
Completed 200 OK in 96ms (Views: 89.9ms | ActiveRecord: 0.0ms)


